* using log directory ‘/Users/timbak/Desktop/PSE/R/scripts/cic_package/cic.Rcheck’
* using R version 4.3.3 (2024-02-29)
* using platform: x86_64-apple-darwin20 (64-bit)
* R was compiled by
    Apple clang version 14.0.0 (clang-1400.0.29.202)
    GNU Fortran (GCC) 12.2.0
* running under: macOS Monterey 12.7.4
* using session charset: UTF-8
* using option ‘--as-cran’
* checking for file ‘cic/DESCRIPTION’ ... OK
* this is package ‘cic’ version ‘0.1.0’
* package encoding: UTF-8
* checking CRAN incoming feasibility ... [9s/27s] NOTE
Maintainer: ‘Timothée Bacchi <timothee.bacchi@etu.minesparis.psl.eu>’

New submission

License components with restrictions and base license permitting such:
  MIT + file LICENSE
File 'LICENSE':
  MIT License
  
  Copyright (c) 2026 Timothée Bacchi
  
  Permission is hereby granted, free of charge, to any person obtaining a copy
  of this software and associated documentation files (the "Software"), to deal
  in the Software without restriction, including without limitation the rights
  to use, copy, modify, merge, publish, distribute, sublicense, and/or sell
  copies of the Software, and to permit persons to whom the Software is
  furnished to do so, subject to the following conditions:
  
  The above copyright notice and this permission notice shall be included in all
  copies or substantial portions of the Software.
  
  THE SOFTWARE IS PROVIDED "AS IS", WITHOUT WARRANTY OF ANY KIND, EXPRESS OR
  IMPLIED, INCLUDING BUT NOT LIMITED TO THE WARRANTIES OF MERCHANTABILITY,
  FITNESS FOR A PARTICULAR PURPOSE AND NONINFRINGEMENT. IN NO EVENT SHALL THE
  AUTHORS OR COPYRIGHT HOLDERS BE LIABLE FOR ANY CLAIM, DAMAGES OR OTHER
  LIABILITY, WHETHER IN AN ACTION OF CONTRACT, TORT OR OTHERWISE, ARISING FROM,
  OUT OF OR IN CONNECTION WITH THE SOFTWARE OR THE USE OR OTHER DEALINGS IN THE
  SOFTWARE.
* checking package namespace information ... OK
* checking package dependencies ... OK
* checking if this is a source package ... OK
* checking if there is a namespace ... OK
* checking for executable files ... OK
* checking for hidden files and directories ... OK
* checking for portable file names ... OK
* checking for sufficient/correct file permissions ... OK
* checking serialization versions ... OK
* checking whether package ‘cic’ can be installed ... [11s/15s] OK
* used C++ compiler: ‘Apple clang version 14.0.0 (clang-1400.0.29.202)’
* used SDK: ‘MacOSX13.1.sdk’
* checking installed package size ... OK
* checking package directory ... OK
* checking for future file timestamps ... NOTE
unable to verify current time
* checking ‘build’ directory ... OK
* checking DESCRIPTION meta-information ... OK
* checking top-level files ... OK
* checking for left-over files ... OK
* checking index information ... OK
* checking package subdirectories ... OK
* checking R files for non-ASCII characters ... OK
* checking R files for syntax errors ... OK
* checking whether the package can be loaded ... OK
* checking whether the package can be loaded with stated dependencies ... OK
* checking whether the package can be unloaded cleanly ... OK
* checking whether the namespace can be loaded with stated dependencies ... OK
* checking whether the namespace can be unloaded cleanly ... OK
* checking use of S3 registration ... OK
* checking dependencies in R code ... OK
* checking S3 generic/method consistency ... OK
* checking replacement functions ... OK
* checking foreign function calls ... OK
* checking R code for possible problems ... OK
* checking Rd files ... OK
* checking Rd metadata ... OK
* checking Rd line widths ... OK
* checking Rd cross-references ... OK
* checking for missing documentation entries ... OK
* checking for code/documentation mismatches ... OK
* checking Rd \usage sections ... OK
* checking Rd contents ... OK
* checking for unstated dependencies in examples ... OK
* checking line endings in C/C++/Fortran sources/headers ... OK
* checking pragmas in C/C++ headers and code ... OK
* checking compilation flags used ... OK
* checking compiled code ... OK
* checking installed files from ‘inst/doc’ ... OK
* checking files in ‘vignettes’ ... OK
* checking examples ... OK
* checking for unstated dependencies in vignettes ... OK
* checking package vignettes in ‘inst/doc’ ... OK
* checking re-building of vignette outputs ... OK
* checking PDF version of manual ... OK
* checking HTML version of manual ... NOTE
Found the following HTML validation problems:
check_cic_assumptions.html:4:1 (check_cic_assumptions.Rd:5): Warning: <link> inserting "type" attribute
check_cic_assumptions.html:12:1 (check_cic_assumptions.Rd:5): Warning: <script> proprietary attribute "onload"
check_cic_assumptions.html:12:1 (check_cic_assumptions.Rd:5): Warning: <script> inserting "type" attribute
check_cic_assumptions.html:17:1 (check_cic_assumptions.Rd:5): Warning: <table> lacks "summary" attribute
check_cic_assumptions.html:35:1 (check_cic_assumptions.Rd:10): Warning: <table> lacks "summary" attribute
check_cic_assumptions.html:55:1 (check_cic_assumptions.Rd:18): Warning: <table> lacks "summary" attribute
cic.html:4:1 (cic.Rd:5): Warning: <link> inserting "type" attribute
cic.html:12:1 (cic.Rd:5): Warning: <script> proprietary attribute "onload"
cic.html:12:1 (cic.Rd:5): Warning: <script> inserting "type" attribute
cic.html:17:1 (cic.Rd:5): Warning: <table> lacks "summary" attribute
cic.html:44:1 (cic.Rd:18): Warning: <table> lacks "summary" attribute
cic.html:98:1 (cic.Rd:41): Warning: <table> lacks "summary" attribute
qY_dgp.html:4:1 (qY_dgp.Rd:5): Warning: <link> inserting "type" attribute
qY_dgp.html:12:1 (qY_dgp.Rd:5): Warning: <script> proprietary attribute "onload"
qY_dgp.html:12:1 (qY_dgp.Rd:5): Warning: <script> inserting "type" attribute
qY_dgp.html:17:1 (qY_dgp.Rd:5): Warning: <table> lacks "summary" attribute
qY_dgp.html:40:1 (qY_dgp.Rd:10): Warning: <table> lacks "summary" attribute
sim_dgp.html:4:1 (sim_dgp.Rd:5): Warning: <link> inserting "type" attribute
sim_dgp.html:12:1 (sim_dgp.Rd:5): Warning: <script> proprietary attribute "onload"
sim_dgp.html:12:1 (sim_dgp.Rd:5): Warning: <script> inserting "type" attribute
sim_dgp.html:17:1 (sim_dgp.Rd:5): Warning: <table> lacks "summary" attribute
sim_dgp.html:36:1 (sim_dgp.Rd:10): Warning: <table> lacks "summary" attribute
sim_dgp.html:68:1 (sim_dgp.Rd:24): Warning: <table> lacks "summary" attribute
theta_true.html:4:1 (theta_true.Rd:5): Warning: <link> inserting "type" attribute
theta_true.html:12:1 (theta_true.Rd:5): Warning: <script> proprietary attribute "onload"
theta_true.html:12:1 (theta_true.Rd:5): Warning: <script> inserting "type" attribute
theta_true.html:17:1 (theta_true.Rd:5): Warning: <table> lacks "summary" attribute
theta_true.html:40:1 (theta_true.Rd:10): Warning: <table> lacks "summary" attribute
Skipping checking math rendering: package 'V8' unavailable
* checking for non-standard things in the check directory ... OK
* checking for detritus in the temp directory ... OK
* DONE
Status: 3 NOTEs
